<?xml version="1.0" encoding="UTF-8"?>
<!-- Generated by org.testng.reporters.JUnitXMLReporter -->
<testsuite hostname="Netras-MBP.localdomain" ignored="1" name="Default test" tests="1" failures="0" timestamp="2022-05-23T15:26:43 PDT" time="1.238" errors="0">
  <testcase name="testWithCorrectUserID" time="1.189" classname="com.apex.User_Test.UserPostAPITest"/>
  <testcase name="testWithRegisterSuccessful" time="0.0" classname="com.apex.User_Test.UserPostAPITest">
    <ignored/>
  </testcase> <!-- testWithRegisterSuccessful -->
</testsuite> <!-- Default test -->
