<?xml version="1.0" encoding="UTF-8"?>
<testng-results skipped="0" failed="0" ignored="1" total="2" passed="1">
  <reporter-output>
  </reporter-output>
  <suite name="Default suite" duration-ms="1238" started-at="2022-05-23T15:26:42 PDT" finished-at="2022-05-23T15:26:43 PDT">
    <groups>
    </groups>
    <test name="Default test" duration-ms="1238" started-at="2022-05-23T15:26:42 PDT" finished-at="2022-05-23T15:26:43 PDT">
      <class name="com.apex.User_Test.UserPostAPITest">
        <test-method status="PASS" signature="testWithCorrectUserID()[pri:0, instance:com.apex.User_Test.UserPostAPITest@2a556333]" name="testWithCorrectUserID" duration-ms="1189" started-at="2022-05-23T15:26:42 PDT" finished-at="2022-05-23T15:26:43 PDT">
          <reporter-output>
          </reporter-output>
        </test-method> <!-- testWithCorrectUserID -->
      </class> <!-- com.apex.User_Test.UserPostAPITest -->
    </test> <!-- Default test -->
  </suite> <!-- Default suite -->
</testng-results>
